#! /opt/homebrew/Cellar/icarus-verilog/12.0/bin/vvp
:ivl_version "12.0 (stable)";
:ivl_delay_selection "TYPICAL";
:vpi_time_precision - 12;
:vpi_module "/opt/homebrew/Cellar/icarus-verilog/12.0/lib/ivl/system.vpi";
:vpi_module "/opt/homebrew/Cellar/icarus-verilog/12.0/lib/ivl/vhdl_sys.vpi";
:vpi_module "/opt/homebrew/Cellar/icarus-verilog/12.0/lib/ivl/vhdl_textio.vpi";
:vpi_module "/opt/homebrew/Cellar/icarus-verilog/12.0/lib/ivl/v2005_math.vpi";
:vpi_module "/opt/homebrew/Cellar/icarus-verilog/12.0/lib/ivl/va_math.vpi";
S_0x14e805540 .scope module, "tb_dff" "tb_dff" 2 4;
 .timescale -9 -12;
v0x14e81be80_0 .var "clk", 0 0;
v0x14e81bf20_0 .var "d", 0 0;
v0x14e81bfd0_0 .net "q", 0 0, v0x14e81bcd0_0;  1 drivers
v0x14e81c0a0_0 .var "reset", 0 0;
S_0x14e8056b0 .scope module, "uut" "dff" 2 12, 3 2 0, S_0x14e805540;
 .timescale -9 -12;
    .port_info 0 /INPUT 1 "clk";
    .port_info 1 /INPUT 1 "reset";
    .port_info 2 /INPUT 1 "d";
    .port_info 3 /OUTPUT 1 "q";
v0x14e8081a0_0 .net "clk", 0 0, v0x14e81be80_0;  1 drivers
v0x14e81bc30_0 .net "d", 0 0, v0x14e81bf20_0;  1 drivers
v0x14e81bcd0_0 .var "q", 0 0;
v0x14e81bd80_0 .net "reset", 0 0, v0x14e81c0a0_0;  1 drivers
E_0x14e805be0 .event posedge, v0x14e81bd80_0, v0x14e8081a0_0;
    .scope S_0x14e8056b0;
T_0 ;
    %wait E_0x14e805be0;
    %load/vec4 v0x14e81bd80_0;
    %flag_set/vec4 8;
    %jmp/0xz  T_0.0, 8;
    %pushi/vec4 0, 0, 1;
    %assign/vec4 v0x14e81bcd0_0, 0;
    %jmp T_0.1;
T_0.0 ;
    %load/vec4 v0x14e81bc30_0;
    %assign/vec4 v0x14e81bcd0_0, 0;
T_0.1 ;
    %jmp T_0;
    .thread T_0;
    .scope S_0x14e805540;
T_1 ;
    %pushi/vec4 0, 0, 1;
    %store/vec4 v0x14e81be80_0, 0, 1;
    %end;
    .thread T_1;
    .scope S_0x14e805540;
T_2 ;
    %delay 5000, 0;
    %load/vec4 v0x14e81be80_0;
    %inv;
    %store/vec4 v0x14e81be80_0, 0, 1;
    %jmp T_2;
    .thread T_2;
    .scope S_0x14e805540;
T_3 ;
    %vpi_call 2 24 "$dumpfile", "dff.vcd" {0 0 0};
    %vpi_call 2 25 "$dumpvars", 32'sb00000000000000000000000000000000, S_0x14e805540 {0 0 0};
    %pushi/vec4 1, 0, 1;
    %store/vec4 v0x14e81c0a0_0, 0, 1;
    %pushi/vec4 0, 0, 1;
    %store/vec4 v0x14e81bf20_0, 0, 1;
    %delay 10000, 0;
    %pushi/vec4 0, 0, 1;
    %store/vec4 v0x14e81c0a0_0, 0, 1;
    %pushi/vec4 1, 0, 1;
    %store/vec4 v0x14e81bf20_0, 0, 1;
    %delay 10000, 0;
    %pushi/vec4 0, 0, 1;
    %store/vec4 v0x14e81bf20_0, 0, 1;
    %delay 10000, 0;
    %pushi/vec4 1, 0, 1;
    %store/vec4 v0x14e81bf20_0, 0, 1;
    %delay 10000, 0;
    %pushi/vec4 1, 0, 1;
    %store/vec4 v0x14e81c0a0_0, 0, 1;
    %delay 10000, 0;
    %pushi/vec4 0, 0, 1;
    %store/vec4 v0x14e81c0a0_0, 0, 1;
    %pushi/vec4 0, 0, 1;
    %store/vec4 v0x14e81bf20_0, 0, 1;
    %delay 7000, 0;
    %pushi/vec4 1, 0, 1;
    %store/vec4 v0x14e81bf20_0, 0, 1;
    %delay 8000, 0;
    %pushi/vec4 0, 0, 1;
    %store/vec4 v0x14e81bf20_0, 0, 1;
    %delay 10000, 0;
    %vpi_call 2 56 "$finish" {0 0 0};
    %end;
    .thread T_3;
# The file index is used to find the file name in the following table.
:file_names 4;
    "N/A";
    "<interactive>";
    "tb_dff.v";
    "dff.v";
