#! /opt/homebrew/Cellar/icarus-verilog/12.0/bin/vvp
:ivl_version "12.0 (stable)";
:ivl_delay_selection "TYPICAL";
:vpi_time_precision + 0;
:vpi_module "/opt/homebrew/Cellar/icarus-verilog/12.0/lib/ivl/system.vpi";
:vpi_module "/opt/homebrew/Cellar/icarus-verilog/12.0/lib/ivl/vhdl_sys.vpi";
:vpi_module "/opt/homebrew/Cellar/icarus-verilog/12.0/lib/ivl/vhdl_textio.vpi";
:vpi_module "/opt/homebrew/Cellar/icarus-verilog/12.0/lib/ivl/v2005_math.vpi";
:vpi_module "/opt/homebrew/Cellar/icarus-verilog/12.0/lib/ivl/va_math.vpi";
S_0x1517057d0 .scope module, "tb_pc" "tb_pc" 2 1;
 .timescale 0 0;
v0x15171e130_0 .var "clk", 0 0;
v0x15171e1e0_0 .var "in", 15 0;
v0x15171e270_0 .var "inc", 0 0;
v0x15171e340_0 .var "load", 0 0;
v0x15171e3f0_0 .net "out", 15 0, v0x15171df10_0;  1 drivers
v0x15171e4c0_0 .var "reset", 0 0;
S_0x151708b90 .scope module, "uut" "pc" 2 10, 3 1 0, S_0x1517057d0;
 .timescale 0 0;
    .port_info 0 /INPUT 1 "clk";
    .port_info 1 /INPUT 1 "reset";
    .port_info 2 /INPUT 1 "load";
    .port_info 3 /INPUT 1 "inc";
    .port_info 4 /INPUT 16 "in";
    .port_info 5 /OUTPUT 16 "out";
v0x15170e240_0 .net "clk", 0 0, v0x15171e130_0;  1 drivers
v0x15171dd30_0 .net "in", 15 0, v0x15171e1e0_0;  1 drivers
v0x15171ddd0_0 .net "inc", 0 0, v0x15171e270_0;  1 drivers
v0x15171de80_0 .net "load", 0 0, v0x15171e340_0;  1 drivers
v0x15171df10_0 .var "out", 15 0;
v0x15171e000_0 .net "reset", 0 0, v0x15171e4c0_0;  1 drivers
E_0x151705d70 .event posedge, v0x15171e000_0, v0x15170e240_0;
    .scope S_0x151708b90;
T_0 ;
    %wait E_0x151705d70;
    %load/vec4 v0x15171e000_0;
    %flag_set/vec4 8;
    %jmp/0xz  T_0.0, 8;
    %pushi/vec4 0, 0, 16;
    %assign/vec4 v0x15171df10_0, 0;
    %jmp T_0.1;
T_0.0 ;
    %load/vec4 v0x15171de80_0;
    %flag_set/vec4 8;
    %jmp/0xz  T_0.2, 8;
    %load/vec4 v0x15171dd30_0;
    %assign/vec4 v0x15171df10_0, 0;
    %jmp T_0.3;
T_0.2 ;
    %load/vec4 v0x15171ddd0_0;
    %flag_set/vec4 8;
    %jmp/0xz  T_0.4, 8;
    %load/vec4 v0x15171df10_0;
    %addi 1, 0, 16;
    %assign/vec4 v0x15171df10_0, 0;
T_0.4 ;
T_0.3 ;
T_0.1 ;
    %jmp T_0;
    .thread T_0;
    .scope S_0x1517057d0;
T_1 ;
    %pushi/vec4 0, 0, 1;
    %store/vec4 v0x15171e130_0, 0, 1;
    %end;
    .thread T_1;
    .scope S_0x1517057d0;
T_2 ;
    %delay 5, 0;
    %load/vec4 v0x15171e130_0;
    %inv;
    %store/vec4 v0x15171e130_0, 0, 1;
    %jmp T_2;
    .thread T_2;
    .scope S_0x1517057d0;
T_3 ;
    %vpi_call 2 23 "$dumpfile", "pc.vcd" {0 0 0};
    %vpi_call 2 24 "$dumpvars", 32'sb00000000000000000000000000000000, S_0x1517057d0 {0 0 0};
    %pushi/vec4 1, 0, 1;
    %store/vec4 v0x15171e4c0_0, 0, 1;
    %pushi/vec4 0, 0, 1;
    %store/vec4 v0x15171e340_0, 0, 1;
    %pushi/vec4 0, 0, 1;
    %store/vec4 v0x15171e270_0, 0, 1;
    %pushi/vec4 0, 0, 16;
    %store/vec4 v0x15171e1e0_0, 0, 16;
    %delay 10, 0;
    %pushi/vec4 0, 0, 1;
    %store/vec4 v0x15171e4c0_0, 0, 1;
    %delay 10, 0;
    %pushi/vec4 1, 0, 1;
    %store/vec4 v0x15171e340_0, 0, 1;
    %pushi/vec4 255, 0, 16;
    %store/vec4 v0x15171e1e0_0, 0, 16;
    %delay 10, 0;
    %pushi/vec4 0, 0, 1;
    %store/vec4 v0x15171e340_0, 0, 1;
    %delay 10, 0;
    %pushi/vec4 1, 0, 1;
    %store/vec4 v0x15171e270_0, 0, 1;
    %delay 30, 0;
    %pushi/vec4 0, 0, 1;
    %store/vec4 v0x15171e270_0, 0, 1;
    %delay 10, 0;
    %pushi/vec4 1, 0, 1;
    %store/vec4 v0x15171e4c0_0, 0, 1;
    %delay 10, 0;
    %pushi/vec4 0, 0, 1;
    %store/vec4 v0x15171e4c0_0, 0, 1;
    %delay 10, 0;
    %vpi_call 2 46 "$finish" {0 0 0};
    %end;
    .thread T_3;
# The file index is used to find the file name in the following table.
:file_names 4;
    "N/A";
    "<interactive>";
    "tb_pc.v";
    "pc.v";
