#! /opt/homebrew/Cellar/icarus-verilog/12.0/bin/vvp
:ivl_version "12.0 (stable)";
:ivl_delay_selection "TYPICAL";
:vpi_time_precision + 0;
:vpi_module "/opt/homebrew/Cellar/icarus-verilog/12.0/lib/ivl/system.vpi";
:vpi_module "/opt/homebrew/Cellar/icarus-verilog/12.0/lib/ivl/vhdl_sys.vpi";
:vpi_module "/opt/homebrew/Cellar/icarus-verilog/12.0/lib/ivl/vhdl_textio.vpi";
:vpi_module "/opt/homebrew/Cellar/icarus-verilog/12.0/lib/ivl/v2005_math.vpi";
:vpi_module "/opt/homebrew/Cellar/icarus-verilog/12.0/lib/ivl/va_math.vpi";
S_0x120724370 .scope module, "tb_register" "tb_register" 2 1;
 .timescale 0 0;
v0x120738d60_0 .var "clk", 0 0;
v0x120738df0_0 .var "in", 15 0;
v0x120738e80_0 .var "load", 0 0;
v0x120738f10_0 .net "out", 15 0, L_0x120739f20;  1 drivers
S_0x120722bb0 .scope module, "uut" "register" 2 8, 3 2 0, S_0x120724370;
 .timescale 0 0;
    .port_info 0 /INPUT 1 "clk";
    .port_info 1 /INPUT 1 "load";
    .port_info 2 /INPUT 16 "in";
    .port_info 3 /OUTPUT 16 "out";
v0x120738830_0 .net "clk", 0 0, v0x120738d60_0;  1 drivers
v0x1207350e0_0 .net "in", 15 0, v0x120738df0_0;  1 drivers
v0x120738ad0_0 .net "load", 0 0, v0x120738e80_0;  1 drivers
v0x120735310_0 .net "out", 15 0, L_0x120739f20;  alias, 1 drivers
L_0x120738fc0 .part v0x120738df0_0, 0, 1;
L_0x1207390c0 .part v0x120738df0_0, 1, 1;
L_0x120739160 .part v0x120738df0_0, 2, 1;
L_0x1207392a0 .part v0x120738df0_0, 3, 1;
L_0x120739340 .part v0x120738df0_0, 4, 1;
L_0x120739410 .part v0x120738df0_0, 5, 1;
L_0x1207394b0 .part v0x120738df0_0, 6, 1;
L_0x1207396b0 .part v0x120738df0_0, 7, 1;
L_0x120739750 .part v0x120738df0_0, 8, 1;
L_0x1207397f0 .part v0x120738df0_0, 9, 1;
L_0x1207398b0 .part v0x120738df0_0, 10, 1;
L_0x120739950 .part v0x120738df0_0, 11, 1;
L_0x1207399f0 .part v0x120738df0_0, 12, 1;
L_0x120739b20 .part v0x120738df0_0, 13, 1;
L_0x120739be0 .part v0x120738df0_0, 14, 1;
L_0x120739e80 .part v0x120738df0_0, 15, 1;
LS_0x120739f20_0_0 .concat8 [ 1 1 1 1], v0x120731550_0, v0x120731d00_0, v0x1207324d0_0, v0x120732c20_0;
LS_0x120739f20_0_4 .concat8 [ 1 1 1 1], v0x120733490_0, v0x120733ba0_0, v0x120734310_0, v0x120734a80_0;
LS_0x120739f20_0_8 .concat8 [ 1 1 1 1], v0x120735410_0, v0x120735aa0_0, v0x120736210_0, v0x120736980_0;
LS_0x120739f20_0_12 .concat8 [ 1 1 1 1], v0x1207370f0_0, v0x120737860_0, v0x120737fd0_0, v0x120738740_0;
L_0x120739f20 .concat8 [ 4 4 4 4], LS_0x120739f20_0_0, LS_0x120739f20_0_4, LS_0x120739f20_0_8, LS_0x120739f20_0_12;
S_0x1207213f0 .scope generate, "bits[0]" "bits[0]" 3 11, 3 11 0, S_0x120722bb0;
 .timescale 0 0;
P_0x120724ac0 .param/l "i" 1 3 11, +C4<00>;
S_0x12071fc30 .scope module, "bit_inst" "bit" 3 12, 4 1 0, S_0x1207213f0;
 .timescale 0 0;
    .port_info 0 /INPUT 1 "clk";
    .port_info 1 /INPUT 1 "load";
    .port_info 2 /INPUT 1 "in";
    .port_info 3 /OUTPUT 1 "out";
v0x12071ec30_0 .net "clk", 0 0, v0x120738d60_0;  alias, 1 drivers
v0x120731400_0 .net "in", 0 0, L_0x120738fc0;  1 drivers
v0x1207314a0_0 .net "load", 0 0, v0x120738e80_0;  alias, 1 drivers
v0x120731550_0 .var "out", 0 0;
E_0x120723300 .event posedge, v0x12071ec30_0;
S_0x120731650 .scope generate, "bits[1]" "bits[1]" 3 11, 3 11 0, S_0x120722bb0;
 .timescale 0 0;
P_0x120731830 .param/l "i" 1 3 11, +C4<01>;
S_0x1207318b0 .scope module, "bit_inst" "bit" 3 12, 4 1 0, S_0x120731650;
 .timescale 0 0;
    .port_info 0 /INPUT 1 "clk";
    .port_info 1 /INPUT 1 "load";
    .port_info 2 /INPUT 1 "in";
    .port_info 3 /OUTPUT 1 "out";
v0x120731af0_0 .net "clk", 0 0, v0x120738d60_0;  alias, 1 drivers
v0x120731ba0_0 .net "in", 0 0, L_0x1207390c0;  1 drivers
v0x120731c30_0 .net "load", 0 0, v0x120738e80_0;  alias, 1 drivers
v0x120731d00_0 .var "out", 0 0;
S_0x120731de0 .scope generate, "bits[2]" "bits[2]" 3 11, 3 11 0, S_0x120722bb0;
 .timescale 0 0;
P_0x120731fb0 .param/l "i" 1 3 11, +C4<010>;
S_0x120732040 .scope module, "bit_inst" "bit" 3 12, 4 1 0, S_0x120731de0;
 .timescale 0 0;
    .port_info 0 /INPUT 1 "clk";
    .port_info 1 /INPUT 1 "load";
    .port_info 2 /INPUT 1 "in";
    .port_info 3 /OUTPUT 1 "out";
v0x120732280_0 .net "clk", 0 0, v0x120738d60_0;  alias, 1 drivers
v0x120732360_0 .net "in", 0 0, L_0x120739160;  1 drivers
v0x120732400_0 .net "load", 0 0, v0x120738e80_0;  alias, 1 drivers
v0x1207324d0_0 .var "out", 0 0;
S_0x1207325a0 .scope generate, "bits[3]" "bits[3]" 3 11, 3 11 0, S_0x120722bb0;
 .timescale 0 0;
P_0x120732770 .param/l "i" 1 3 11, +C4<011>;
S_0x120732810 .scope module, "bit_inst" "bit" 3 12, 4 1 0, S_0x1207325a0;
 .timescale 0 0;
    .port_info 0 /INPUT 1 "clk";
    .port_info 1 /INPUT 1 "load";
    .port_info 2 /INPUT 1 "in";
    .port_info 3 /OUTPUT 1 "out";
v0x120732a30_0 .net "clk", 0 0, v0x120738d60_0;  alias, 1 drivers
v0x120732ad0_0 .net "in", 0 0, L_0x1207392a0;  1 drivers
v0x120732b70_0 .net "load", 0 0, v0x120738e80_0;  alias, 1 drivers
v0x120732c20_0 .var "out", 0 0;
S_0x120732d10 .scope generate, "bits[4]" "bits[4]" 3 11, 3 11 0, S_0x120722bb0;
 .timescale 0 0;
P_0x120732f20 .param/l "i" 1 3 11, +C4<0100>;
S_0x120732fa0 .scope module, "bit_inst" "bit" 3 12, 4 1 0, S_0x120732d10;
 .timescale 0 0;
    .port_info 0 /INPUT 1 "clk";
    .port_info 1 /INPUT 1 "load";
    .port_info 2 /INPUT 1 "in";
    .port_info 3 /OUTPUT 1 "out";
v0x1207331c0_0 .net "clk", 0 0, v0x120738d60_0;  alias, 1 drivers
v0x1207332e0_0 .net "in", 0 0, L_0x120739340;  1 drivers
v0x120733380_0 .net "load", 0 0, v0x120738e80_0;  alias, 1 drivers
v0x120733490_0 .var "out", 0 0;
S_0x120733560 .scope generate, "bits[5]" "bits[5]" 3 11, 3 11 0, S_0x120722bb0;
 .timescale 0 0;
P_0x120733720 .param/l "i" 1 3 11, +C4<0101>;
S_0x1207337a0 .scope module, "bit_inst" "bit" 3 12, 4 1 0, S_0x120733560;
 .timescale 0 0;
    .port_info 0 /INPUT 1 "clk";
    .port_info 1 /INPUT 1 "load";
    .port_info 2 /INPUT 1 "in";
    .port_info 3 /OUTPUT 1 "out";
v0x1207339c0_0 .net "clk", 0 0, v0x120738d60_0;  alias, 1 drivers
v0x120733a50_0 .net "in", 0 0, L_0x120739410;  1 drivers
v0x120733af0_0 .net "load", 0 0, v0x120738e80_0;  alias, 1 drivers
v0x120733ba0_0 .var "out", 0 0;
S_0x120733c90 .scope generate, "bits[6]" "bits[6]" 3 11, 3 11 0, S_0x120722bb0;
 .timescale 0 0;
P_0x120733e60 .param/l "i" 1 3 11, +C4<0110>;
S_0x120733f00 .scope module, "bit_inst" "bit" 3 12, 4 1 0, S_0x120733c90;
 .timescale 0 0;
    .port_info 0 /INPUT 1 "clk";
    .port_info 1 /INPUT 1 "load";
    .port_info 2 /INPUT 1 "in";
    .port_info 3 /OUTPUT 1 "out";
v0x120734120_0 .net "clk", 0 0, v0x120738d60_0;  alias, 1 drivers
v0x1207341c0_0 .net "in", 0 0, L_0x1207394b0;  1 drivers
v0x120734260_0 .net "load", 0 0, v0x120738e80_0;  alias, 1 drivers
v0x120734310_0 .var "out", 0 0;
S_0x120734400 .scope generate, "bits[7]" "bits[7]" 3 11, 3 11 0, S_0x120722bb0;
 .timescale 0 0;
P_0x1207345d0 .param/l "i" 1 3 11, +C4<0111>;
S_0x120734670 .scope module, "bit_inst" "bit" 3 12, 4 1 0, S_0x120734400;
 .timescale 0 0;
    .port_info 0 /INPUT 1 "clk";
    .port_info 1 /INPUT 1 "load";
    .port_info 2 /INPUT 1 "in";
    .port_info 3 /OUTPUT 1 "out";
v0x120734890_0 .net "clk", 0 0, v0x120738d60_0;  alias, 1 drivers
v0x120734930_0 .net "in", 0 0, L_0x1207396b0;  1 drivers
v0x1207349d0_0 .net "load", 0 0, v0x120738e80_0;  alias, 1 drivers
v0x120734a80_0 .var "out", 0 0;
S_0x120734b70 .scope generate, "bits[8]" "bits[8]" 3 11, 3 11 0, S_0x120722bb0;
 .timescale 0 0;
P_0x120732ee0 .param/l "i" 1 3 11, +C4<01000>;
S_0x120734e10 .scope module, "bit_inst" "bit" 3 12, 4 1 0, S_0x120734b70;
 .timescale 0 0;
    .port_info 0 /INPUT 1 "clk";
    .port_info 1 /INPUT 1 "load";
    .port_info 2 /INPUT 1 "in";
    .port_info 3 /OUTPUT 1 "out";
v0x120735040_0 .net "clk", 0 0, v0x120738d60_0;  alias, 1 drivers
v0x1207351e0_0 .net "in", 0 0, L_0x120739750;  1 drivers
v0x120735280_0 .net "load", 0 0, v0x120738e80_0;  alias, 1 drivers
v0x120735410_0 .var "out", 0 0;
S_0x1207354a0 .scope generate, "bits[9]" "bits[9]" 3 11, 3 11 0, S_0x120722bb0;
 .timescale 0 0;
P_0x120735610 .param/l "i" 1 3 11, +C4<01001>;
S_0x120735690 .scope module, "bit_inst" "bit" 3 12, 4 1 0, S_0x1207354a0;
 .timescale 0 0;
    .port_info 0 /INPUT 1 "clk";
    .port_info 1 /INPUT 1 "load";
    .port_info 2 /INPUT 1 "in";
    .port_info 3 /OUTPUT 1 "out";
v0x1207358b0_0 .net "clk", 0 0, v0x120738d60_0;  alias, 1 drivers
v0x120735950_0 .net "in", 0 0, L_0x1207397f0;  1 drivers
v0x1207359f0_0 .net "load", 0 0, v0x120738e80_0;  alias, 1 drivers
v0x120735aa0_0 .var "out", 0 0;
S_0x120735b90 .scope generate, "bits[10]" "bits[10]" 3 11, 3 11 0, S_0x120722bb0;
 .timescale 0 0;
P_0x120735d60 .param/l "i" 1 3 11, +C4<01010>;
S_0x120735df0 .scope module, "bit_inst" "bit" 3 12, 4 1 0, S_0x120735b90;
 .timescale 0 0;
    .port_info 0 /INPUT 1 "clk";
    .port_info 1 /INPUT 1 "load";
    .port_info 2 /INPUT 1 "in";
    .port_info 3 /OUTPUT 1 "out";
v0x120736020_0 .net "clk", 0 0, v0x120738d60_0;  alias, 1 drivers
v0x1207360c0_0 .net "in", 0 0, L_0x1207398b0;  1 drivers
v0x120736160_0 .net "load", 0 0, v0x120738e80_0;  alias, 1 drivers
v0x120736210_0 .var "out", 0 0;
S_0x120736300 .scope generate, "bits[11]" "bits[11]" 3 11, 3 11 0, S_0x120722bb0;
 .timescale 0 0;
P_0x1207364d0 .param/l "i" 1 3 11, +C4<01011>;
S_0x120736560 .scope module, "bit_inst" "bit" 3 12, 4 1 0, S_0x120736300;
 .timescale 0 0;
    .port_info 0 /INPUT 1 "clk";
    .port_info 1 /INPUT 1 "load";
    .port_info 2 /INPUT 1 "in";
    .port_info 3 /OUTPUT 1 "out";
v0x120736790_0 .net "clk", 0 0, v0x120738d60_0;  alias, 1 drivers
v0x120736830_0 .net "in", 0 0, L_0x120739950;  1 drivers
v0x1207368d0_0 .net "load", 0 0, v0x120738e80_0;  alias, 1 drivers
v0x120736980_0 .var "out", 0 0;
S_0x120736a70 .scope generate, "bits[12]" "bits[12]" 3 11, 3 11 0, S_0x120722bb0;
 .timescale 0 0;
P_0x120736c40 .param/l "i" 1 3 11, +C4<01100>;
S_0x120736cd0 .scope module, "bit_inst" "bit" 3 12, 4 1 0, S_0x120736a70;
 .timescale 0 0;
    .port_info 0 /INPUT 1 "clk";
    .port_info 1 /INPUT 1 "load";
    .port_info 2 /INPUT 1 "in";
    .port_info 3 /OUTPUT 1 "out";
v0x120736f00_0 .net "clk", 0 0, v0x120738d60_0;  alias, 1 drivers
v0x120736fa0_0 .net "in", 0 0, L_0x1207399f0;  1 drivers
v0x120737040_0 .net "load", 0 0, v0x120738e80_0;  alias, 1 drivers
v0x1207370f0_0 .var "out", 0 0;
S_0x1207371e0 .scope generate, "bits[13]" "bits[13]" 3 11, 3 11 0, S_0x120722bb0;
 .timescale 0 0;
P_0x1207373b0 .param/l "i" 1 3 11, +C4<01101>;
S_0x120737440 .scope module, "bit_inst" "bit" 3 12, 4 1 0, S_0x1207371e0;
 .timescale 0 0;
    .port_info 0 /INPUT 1 "clk";
    .port_info 1 /INPUT 1 "load";
    .port_info 2 /INPUT 1 "in";
    .port_info 3 /OUTPUT 1 "out";
v0x120737670_0 .net "clk", 0 0, v0x120738d60_0;  alias, 1 drivers
v0x120737710_0 .net "in", 0 0, L_0x120739b20;  1 drivers
v0x1207377b0_0 .net "load", 0 0, v0x120738e80_0;  alias, 1 drivers
v0x120737860_0 .var "out", 0 0;
S_0x120737950 .scope generate, "bits[14]" "bits[14]" 3 11, 3 11 0, S_0x120722bb0;
 .timescale 0 0;
P_0x120737b20 .param/l "i" 1 3 11, +C4<01110>;
S_0x120737bb0 .scope module, "bit_inst" "bit" 3 12, 4 1 0, S_0x120737950;
 .timescale 0 0;
    .port_info 0 /INPUT 1 "clk";
    .port_info 1 /INPUT 1 "load";
    .port_info 2 /INPUT 1 "in";
    .port_info 3 /OUTPUT 1 "out";
v0x120737de0_0 .net "clk", 0 0, v0x120738d60_0;  alias, 1 drivers
v0x120737e80_0 .net "in", 0 0, L_0x120739be0;  1 drivers
v0x120737f20_0 .net "load", 0 0, v0x120738e80_0;  alias, 1 drivers
v0x120737fd0_0 .var "out", 0 0;
S_0x1207380c0 .scope generate, "bits[15]" "bits[15]" 3 11, 3 11 0, S_0x120722bb0;
 .timescale 0 0;
P_0x120738290 .param/l "i" 1 3 11, +C4<01111>;
S_0x120738320 .scope module, "bit_inst" "bit" 3 12, 4 1 0, S_0x1207380c0;
 .timescale 0 0;
    .port_info 0 /INPUT 1 "clk";
    .port_info 1 /INPUT 1 "load";
    .port_info 2 /INPUT 1 "in";
    .port_info 3 /OUTPUT 1 "out";
v0x120738550_0 .net "clk", 0 0, v0x120738d60_0;  alias, 1 drivers
v0x1207385f0_0 .net "in", 0 0, L_0x120739e80;  1 drivers
v0x120738690_0 .net "load", 0 0, v0x120738e80_0;  alias, 1 drivers
v0x120738740_0 .var "out", 0 0;
    .scope S_0x12071fc30;
T_0 ;
    %pushi/vec4 0, 0, 1;
    %store/vec4 v0x120731550_0, 0, 1;
    %end;
    .thread T_0;
    .scope S_0x12071fc30;
T_1 ;
    %wait E_0x120723300;
    %load/vec4 v0x1207314a0_0;
    %flag_set/vec4 8;
    %jmp/0xz  T_1.0, 8;
    %load/vec4 v0x120731400_0;
    %assign/vec4 v0x120731550_0, 0;
T_1.0 ;
    %jmp T_1;
    .thread T_1;
    .scope S_0x1207318b0;
T_2 ;
    %pushi/vec4 0, 0, 1;
    %store/vec4 v0x120731d00_0, 0, 1;
    %end;
    .thread T_2;
    .scope S_0x1207318b0;
T_3 ;
    %wait E_0x120723300;
    %load/vec4 v0x120731c30_0;
    %flag_set/vec4 8;
    %jmp/0xz  T_3.0, 8;
    %load/vec4 v0x120731ba0_0;
    %assign/vec4 v0x120731d00_0, 0;
T_3.0 ;
    %jmp T_3;
    .thread T_3;
    .scope S_0x120732040;
T_4 ;
    %pushi/vec4 0, 0, 1;
    %store/vec4 v0x1207324d0_0, 0, 1;
    %end;
    .thread T_4;
    .scope S_0x120732040;
T_5 ;
    %wait E_0x120723300;
    %load/vec4 v0x120732400_0;
    %flag_set/vec4 8;
    %jmp/0xz  T_5.0, 8;
    %load/vec4 v0x120732360_0;
    %assign/vec4 v0x1207324d0_0, 0;
T_5.0 ;
    %jmp T_5;
    .thread T_5;
    .scope S_0x120732810;
T_6 ;
    %pushi/vec4 0, 0, 1;
    %store/vec4 v0x120732c20_0, 0, 1;
    %end;
    .thread T_6;
    .scope S_0x120732810;
T_7 ;
    %wait E_0x120723300;
    %load/vec4 v0x120732b70_0;
    %flag_set/vec4 8;
    %jmp/0xz  T_7.0, 8;
    %load/vec4 v0x120732ad0_0;
    %assign/vec4 v0x120732c20_0, 0;
T_7.0 ;
    %jmp T_7;
    .thread T_7;
    .scope S_0x120732fa0;
T_8 ;
    %pushi/vec4 0, 0, 1;
    %store/vec4 v0x120733490_0, 0, 1;
    %end;
    .thread T_8;
    .scope S_0x120732fa0;
T_9 ;
    %wait E_0x120723300;
    %load/vec4 v0x120733380_0;
    %flag_set/vec4 8;
    %jmp/0xz  T_9.0, 8;
    %load/vec4 v0x1207332e0_0;
    %assign/vec4 v0x120733490_0, 0;
T_9.0 ;
    %jmp T_9;
    .thread T_9;
    .scope S_0x1207337a0;
T_10 ;
    %pushi/vec4 0, 0, 1;
    %store/vec4 v0x120733ba0_0, 0, 1;
    %end;
    .thread T_10;
    .scope S_0x1207337a0;
T_11 ;
    %wait E_0x120723300;
    %load/vec4 v0x120733af0_0;
    %flag_set/vec4 8;
    %jmp/0xz  T_11.0, 8;
    %load/vec4 v0x120733a50_0;
    %assign/vec4 v0x120733ba0_0, 0;
T_11.0 ;
    %jmp T_11;
    .thread T_11;
    .scope S_0x120733f00;
T_12 ;
    %pushi/vec4 0, 0, 1;
    %store/vec4 v0x120734310_0, 0, 1;
    %end;
    .thread T_12;
    .scope S_0x120733f00;
T_13 ;
    %wait E_0x120723300;
    %load/vec4 v0x120734260_0;
    %flag_set/vec4 8;
    %jmp/0xz  T_13.0, 8;
    %load/vec4 v0x1207341c0_0;
    %assign/vec4 v0x120734310_0, 0;
T_13.0 ;
    %jmp T_13;
    .thread T_13;
    .scope S_0x120734670;
T_14 ;
    %pushi/vec4 0, 0, 1;
    %store/vec4 v0x120734a80_0, 0, 1;
    %end;
    .thread T_14;
    .scope S_0x120734670;
T_15 ;
    %wait E_0x120723300;
    %load/vec4 v0x1207349d0_0;
    %flag_set/vec4 8;
    %jmp/0xz  T_15.0, 8;
    %load/vec4 v0x120734930_0;
    %assign/vec4 v0x120734a80_0, 0;
T_15.0 ;
    %jmp T_15;
    .thread T_15;
    .scope S_0x120734e10;
T_16 ;
    %pushi/vec4 0, 0, 1;
    %store/vec4 v0x120735410_0, 0, 1;
    %end;
    .thread T_16;
    .scope S_0x120734e10;
T_17 ;
    %wait E_0x120723300;
    %load/vec4 v0x120735280_0;
    %flag_set/vec4 8;
    %jmp/0xz  T_17.0, 8;
    %load/vec4 v0x1207351e0_0;
    %assign/vec4 v0x120735410_0, 0;
T_17.0 ;
    %jmp T_17;
    .thread T_17;
    .scope S_0x120735690;
T_18 ;
    %pushi/vec4 0, 0, 1;
    %store/vec4 v0x120735aa0_0, 0, 1;
    %end;
    .thread T_18;
    .scope S_0x120735690;
T_19 ;
    %wait E_0x120723300;
    %load/vec4 v0x1207359f0_0;
    %flag_set/vec4 8;
    %jmp/0xz  T_19.0, 8;
    %load/vec4 v0x120735950_0;
    %assign/vec4 v0x120735aa0_0, 0;
T_19.0 ;
    %jmp T_19;
    .thread T_19;
    .scope S_0x120735df0;
T_20 ;
    %pushi/vec4 0, 0, 1;
    %store/vec4 v0x120736210_0, 0, 1;
    %end;
    .thread T_20;
    .scope S_0x120735df0;
T_21 ;
    %wait E_0x120723300;
    %load/vec4 v0x120736160_0;
    %flag_set/vec4 8;
    %jmp/0xz  T_21.0, 8;
    %load/vec4 v0x1207360c0_0;
    %assign/vec4 v0x120736210_0, 0;
T_21.0 ;
    %jmp T_21;
    .thread T_21;
    .scope S_0x120736560;
T_22 ;
    %pushi/vec4 0, 0, 1;
    %store/vec4 v0x120736980_0, 0, 1;
    %end;
    .thread T_22;
    .scope S_0x120736560;
T_23 ;
    %wait E_0x120723300;
    %load/vec4 v0x1207368d0_0;
    %flag_set/vec4 8;
    %jmp/0xz  T_23.0, 8;
    %load/vec4 v0x120736830_0;
    %assign/vec4 v0x120736980_0, 0;
T_23.0 ;
    %jmp T_23;
    .thread T_23;
    .scope S_0x120736cd0;
T_24 ;
    %pushi/vec4 0, 0, 1;
    %store/vec4 v0x1207370f0_0, 0, 1;
    %end;
    .thread T_24;
    .scope S_0x120736cd0;
T_25 ;
    %wait E_0x120723300;
    %load/vec4 v0x120737040_0;
    %flag_set/vec4 8;
    %jmp/0xz  T_25.0, 8;
    %load/vec4 v0x120736fa0_0;
    %assign/vec4 v0x1207370f0_0, 0;
T_25.0 ;
    %jmp T_25;
    .thread T_25;
    .scope S_0x120737440;
T_26 ;
    %pushi/vec4 0, 0, 1;
    %store/vec4 v0x120737860_0, 0, 1;
    %end;
    .thread T_26;
    .scope S_0x120737440;
T_27 ;
    %wait E_0x120723300;
    %load/vec4 v0x1207377b0_0;
    %flag_set/vec4 8;
    %jmp/0xz  T_27.0, 8;
    %load/vec4 v0x120737710_0;
    %assign/vec4 v0x120737860_0, 0;
T_27.0 ;
    %jmp T_27;
    .thread T_27;
    .scope S_0x120737bb0;
T_28 ;
    %pushi/vec4 0, 0, 1;
    %store/vec4 v0x120737fd0_0, 0, 1;
    %end;
    .thread T_28;
    .scope S_0x120737bb0;
T_29 ;
    %wait E_0x120723300;
    %load/vec4 v0x120737f20_0;
    %flag_set/vec4 8;
    %jmp/0xz  T_29.0, 8;
    %load/vec4 v0x120737e80_0;
    %assign/vec4 v0x120737fd0_0, 0;
T_29.0 ;
    %jmp T_29;
    .thread T_29;
    .scope S_0x120738320;
T_30 ;
    %pushi/vec4 0, 0, 1;
    %store/vec4 v0x120738740_0, 0, 1;
    %end;
    .thread T_30;
    .scope S_0x120738320;
T_31 ;
    %wait E_0x120723300;
    %load/vec4 v0x120738690_0;
    %flag_set/vec4 8;
    %jmp/0xz  T_31.0, 8;
    %load/vec4 v0x1207385f0_0;
    %assign/vec4 v0x120738740_0, 0;
T_31.0 ;
    %jmp T_31;
    .thread T_31;
    .scope S_0x120724370;
T_32 ;
    %pushi/vec4 0, 0, 1;
    %store/vec4 v0x120738d60_0, 0, 1;
    %end;
    .thread T_32;
    .scope S_0x120724370;
T_33 ;
    %delay 5, 0;
    %load/vec4 v0x120738d60_0;
    %inv;
    %store/vec4 v0x120738d60_0, 0, 1;
    %jmp T_33;
    .thread T_33;
    .scope S_0x120724370;
T_34 ;
    %vpi_call 2 19 "$dumpfile", "register.vcd" {0 0 0};
    %vpi_call 2 20 "$dumpvars", 32'sb00000000000000000000000000000000, S_0x120724370 {0 0 0};
    %pushi/vec4 0, 0, 1;
    %store/vec4 v0x120738e80_0, 0, 1;
    %pushi/vec4 0, 0, 16;
    %store/vec4 v0x120738df0_0, 0, 16;
    %delay 10, 0;
    %pushi/vec4 1, 0, 1;
    %store/vec4 v0x120738e80_0, 0, 1;
    %pushi/vec4 43690, 0, 16;
    %store/vec4 v0x120738df0_0, 0, 16;
    %delay 10, 0;
    %pushi/vec4 0, 0, 1;
    %store/vec4 v0x120738e80_0, 0, 1;
    %delay 10, 0;
    %pushi/vec4 1, 0, 1;
    %store/vec4 v0x120738e80_0, 0, 1;
    %pushi/vec4 21845, 0, 16;
    %store/vec4 v0x120738df0_0, 0, 16;
    %delay 10, 0;
    %pushi/vec4 0, 0, 1;
    %store/vec4 v0x120738e80_0, 0, 1;
    %delay 10, 0;
    %pushi/vec4 1, 0, 1;
    %store/vec4 v0x120738e80_0, 0, 1;
    %pushi/vec4 65535, 0, 16;
    %store/vec4 v0x120738df0_0, 0, 16;
    %delay 10, 0;
    %pushi/vec4 0, 0, 1;
    %store/vec4 v0x120738e80_0, 0, 1;
    %delay 10, 0;
    %vpi_call 2 40 "$finish" {0 0 0};
    %end;
    .thread T_34;
# The file index is used to find the file name in the following table.
:file_names 5;
    "N/A";
    "<interactive>";
    "tb_register.v";
    "register.v";
    "../bit/bit.v";
