#! /opt/homebrew/Cellar/icarus-verilog/12.0/bin/vvp
:ivl_version "12.0 (stable)";
:ivl_delay_selection "TYPICAL";
:vpi_time_precision + 0;
:vpi_module "/opt/homebrew/Cellar/icarus-verilog/12.0/lib/ivl/system.vpi";
:vpi_module "/opt/homebrew/Cellar/icarus-verilog/12.0/lib/ivl/vhdl_sys.vpi";
:vpi_module "/opt/homebrew/Cellar/icarus-verilog/12.0/lib/ivl/vhdl_textio.vpi";
:vpi_module "/opt/homebrew/Cellar/icarus-verilog/12.0/lib/ivl/v2005_math.vpi";
:vpi_module "/opt/homebrew/Cellar/icarus-verilog/12.0/lib/ivl/va_math.vpi";
S_0x128606ea0 .scope module, "tb_bit" "tb_bit" 2 1;
 .timescale 0 0;
v0x12861d7d0_0 .var "clk", 0 0;
v0x12861d870_0 .var "in", 0 0;
v0x12861d920_0 .var "load", 0 0;
v0x12861d9f0_0 .net "out", 0 0, v0x12861d6d0_0;  1 drivers
S_0x1286098a0 .scope module, "bit_inst" "bit" 2 8, 3 1 0, S_0x128606ea0;
 .timescale 0 0;
    .port_info 0 /INPUT 1 "clk";
    .port_info 1 /INPUT 1 "load";
    .port_info 2 /INPUT 1 "in";
    .port_info 3 /OUTPUT 1 "out";
v0x128607010_0 .net "clk", 0 0, v0x12861d7d0_0;  1 drivers
v0x12861d580_0 .net "in", 0 0, v0x12861d870_0;  1 drivers
v0x12861d620_0 .net "load", 0 0, v0x12861d920_0;  1 drivers
v0x12861d6d0_0 .var "out", 0 0;
E_0x128607440 .event posedge, v0x128607010_0;
    .scope S_0x1286098a0;
T_0 ;
    %pushi/vec4 0, 0, 1;
    %store/vec4 v0x12861d6d0_0, 0, 1;
    %end;
    .thread T_0;
    .scope S_0x1286098a0;
T_1 ;
    %wait E_0x128607440;
    %load/vec4 v0x12861d620_0;
    %flag_set/vec4 8;
    %jmp/0xz  T_1.0, 8;
    %load/vec4 v0x12861d580_0;
    %assign/vec4 v0x12861d6d0_0, 0;
T_1.0 ;
    %jmp T_1;
    .thread T_1;
    .scope S_0x128606ea0;
T_2 ;
    %pushi/vec4 0, 0, 1;
    %store/vec4 v0x12861d7d0_0, 0, 1;
    %end;
    .thread T_2;
    .scope S_0x128606ea0;
T_3 ;
    %delay 5, 0;
    %load/vec4 v0x12861d7d0_0;
    %inv;
    %store/vec4 v0x12861d7d0_0, 0, 1;
    %jmp T_3;
    .thread T_3;
    .scope S_0x128606ea0;
T_4 ;
    %vpi_call 2 19 "$dumpfile", "bit.vcd" {0 0 0};
    %vpi_call 2 20 "$dumpvars", 32'sb00000000000000000000000000000000, S_0x128606ea0 {0 0 0};
    %pushi/vec4 0, 0, 1;
    %store/vec4 v0x12861d920_0, 0, 1;
    %pushi/vec4 0, 0, 1;
    %store/vec4 v0x12861d870_0, 0, 1;
    %delay 10, 0;
    %pushi/vec4 1, 0, 1;
    %store/vec4 v0x12861d920_0, 0, 1;
    %pushi/vec4 1, 0, 1;
    %store/vec4 v0x12861d870_0, 0, 1;
    %delay 10, 0;
    %pushi/vec4 0, 0, 1;
    %store/vec4 v0x12861d920_0, 0, 1;
    %pushi/vec4 0, 0, 1;
    %store/vec4 v0x12861d870_0, 0, 1;
    %delay 10, 0;
    %pushi/vec4 1, 0, 1;
    %store/vec4 v0x12861d920_0, 0, 1;
    %pushi/vec4 0, 0, 1;
    %store/vec4 v0x12861d870_0, 0, 1;
    %delay 10, 0;
    %pushi/vec4 0, 0, 1;
    %store/vec4 v0x12861d920_0, 0, 1;
    %delay 10, 0;
    %pushi/vec4 1, 0, 1;
    %store/vec4 v0x12861d920_0, 0, 1;
    %pushi/vec4 1, 0, 1;
    %store/vec4 v0x12861d870_0, 0, 1;
    %delay 10, 0;
    %vpi_call 2 38 "$finish" {0 0 0};
    %end;
    .thread T_4;
# The file index is used to find the file name in the following table.
:file_names 4;
    "N/A";
    "<interactive>";
    "tb_bit.v";
    "bit.v";
