#! /opt/homebrew/Cellar/icarus-verilog/12.0/bin/vvp
:ivl_version "12.0 (stable)";
:ivl_delay_selection "TYPICAL";
:vpi_time_precision + 0;
:vpi_module "/opt/homebrew/Cellar/icarus-verilog/12.0/lib/ivl/system.vpi";
:vpi_module "/opt/homebrew/Cellar/icarus-verilog/12.0/lib/ivl/vhdl_sys.vpi";
:vpi_module "/opt/homebrew/Cellar/icarus-verilog/12.0/lib/ivl/vhdl_textio.vpi";
:vpi_module "/opt/homebrew/Cellar/icarus-verilog/12.0/lib/ivl/v2005_math.vpi";
:vpi_module "/opt/homebrew/Cellar/icarus-verilog/12.0/lib/ivl/va_math.vpi";
S_0x1390043c0 .scope module, "tb_ram4k" "tb_ram4k" 2 1;
 .timescale 0 0;
v0x139017e00_0 .var "address", 11 0;
v0x139017eb0_0 .var "clk", 0 0;
v0x139017f40_0 .var "in", 15 0;
v0x139018010_0 .var "load", 0 0;
v0x1390180c0_0 .net "out", 15 0, v0x139017c30_0;  1 drivers
S_0x139006810 .scope module, "uut" "ram4k" 2 9, 3 1 0, S_0x1390043c0;
 .timescale 0 0;
    .port_info 0 /INPUT 16 "in";
    .port_info 1 /INPUT 12 "address";
    .port_info 2 /INPUT 1 "load";
    .port_info 3 /INPUT 1 "clk";
    .port_info 4 /OUTPUT 16 "out";
v0x1390045b0_0 .net "address", 11 0, v0x139017e00_0;  1 drivers
v0x139017960_0 .net "clk", 0 0, v0x139017eb0_0;  1 drivers
v0x139017a00_0 .var/i "i", 31 0;
v0x139017aa0_0 .net "in", 15 0, v0x139017f40_0;  1 drivers
v0x139017b50_0 .net "load", 0 0, v0x139018010_0;  1 drivers
v0x139017c30_0 .var "out", 15 0;
v0x139017ce0 .array "ram", 0 4095, 15 0;
E_0x139007520 .event posedge, v0x139017960_0;
    .scope S_0x139006810;
T_0 ;
    %pushi/vec4 0, 0, 32;
    %store/vec4 v0x139017a00_0, 0, 32;
T_0.0 ;
    %load/vec4 v0x139017a00_0;
    %cmpi/s 4096, 0, 32;
    %jmp/0xz T_0.1, 5;
    %pushi/vec4 0, 0, 16;
    %ix/getv/s 4, v0x139017a00_0;
    %store/vec4a v0x139017ce0, 4, 0;
    %load/vec4 v0x139017a00_0;
    %addi 1, 0, 32;
    %store/vec4 v0x139017a00_0, 0, 32;
    %jmp T_0.0;
T_0.1 ;
    %end;
    .thread T_0;
    .scope S_0x139006810;
T_1 ;
    %wait E_0x139007520;
    %load/vec4 v0x139017b50_0;
    %flag_set/vec4 8;
    %jmp/0xz  T_1.0, 8;
    %load/vec4 v0x139017aa0_0;
    %load/vec4 v0x1390045b0_0;
    %pad/u 14;
    %ix/vec4 3;
    %ix/load 4, 0, 0; Constant delay
    %assign/vec4/a/d v0x139017ce0, 0, 4;
T_1.0 ;
    %load/vec4 v0x1390045b0_0;
    %pad/u 14;
    %ix/vec4 4;
    %load/vec4a v0x139017ce0, 4;
    %assign/vec4 v0x139017c30_0, 0;
    %jmp T_1;
    .thread T_1;
    .scope S_0x1390043c0;
T_2 ;
    %pushi/vec4 0, 0, 1;
    %store/vec4 v0x139017eb0_0, 0, 1;
    %end;
    .thread T_2;
    .scope S_0x1390043c0;
T_3 ;
    %delay 5, 0;
    %load/vec4 v0x139017eb0_0;
    %inv;
    %store/vec4 v0x139017eb0_0, 0, 1;
    %jmp T_3;
    .thread T_3;
    .scope S_0x1390043c0;
T_4 ;
    %vpi_call 2 21 "$dumpfile", "ram4k.vcd" {0 0 0};
    %vpi_call 2 22 "$dumpvars", 32'sb00000000000000000000000000000000, S_0x1390043c0 {0 0 0};
    %pushi/vec4 0, 0, 1;
    %store/vec4 v0x139018010_0, 0, 1;
    %pushi/vec4 0, 0, 12;
    %store/vec4 v0x139017e00_0, 0, 12;
    %pushi/vec4 0, 0, 16;
    %store/vec4 v0x139017f40_0, 0, 16;
    %delay 10, 0;
    %pushi/vec4 1, 0, 1;
    %store/vec4 v0x139018010_0, 0, 1;
    %pushi/vec4 2, 0, 12;
    %store/vec4 v0x139017e00_0, 0, 12;
    %pushi/vec4 43981, 0, 16;
    %store/vec4 v0x139017f40_0, 0, 16;
    %delay 10, 0;
    %pushi/vec4 0, 0, 1;
    %store/vec4 v0x139018010_0, 0, 1;
    %delay 10, 0;
    %pushi/vec4 2, 0, 12;
    %store/vec4 v0x139017e00_0, 0, 12;
    %delay 10, 0;
    %pushi/vec4 1, 0, 1;
    %store/vec4 v0x139018010_0, 0, 1;
    %pushi/vec4 4095, 0, 12;
    %store/vec4 v0x139017e00_0, 0, 12;
    %pushi/vec4 4660, 0, 16;
    %store/vec4 v0x139017f40_0, 0, 16;
    %delay 10, 0;
    %pushi/vec4 0, 0, 1;
    %store/vec4 v0x139018010_0, 0, 1;
    %delay 10, 0;
    %pushi/vec4 4095, 0, 12;
    %store/vec4 v0x139017e00_0, 0, 12;
    %delay 10, 0;
    %pushi/vec4 0, 0, 12;
    %store/vec4 v0x139017e00_0, 0, 12;
    %delay 10, 0;
    %vpi_call 2 46 "$finish" {0 0 0};
    %end;
    .thread T_4;
# The file index is used to find the file name in the following table.
:file_names 4;
    "N/A";
    "<interactive>";
    "tb_ram4k.v";
    "ram4k.v";
