#! /opt/homebrew/Cellar/icarus-verilog/12.0/bin/vvp
:ivl_version "12.0 (stable)";
:ivl_delay_selection "TYPICAL";
:vpi_time_precision - 12;
:vpi_module "/opt/homebrew/Cellar/icarus-verilog/12.0/lib/ivl/system.vpi";
:vpi_module "/opt/homebrew/Cellar/icarus-verilog/12.0/lib/ivl/vhdl_sys.vpi";
:vpi_module "/opt/homebrew/Cellar/icarus-verilog/12.0/lib/ivl/vhdl_textio.vpi";
:vpi_module "/opt/homebrew/Cellar/icarus-verilog/12.0/lib/ivl/v2005_math.vpi";
:vpi_module "/opt/homebrew/Cellar/icarus-verilog/12.0/lib/ivl/va_math.vpi";
S_0x1447044f0 .scope module, "tb_halfadder" "tb_halfadder" 2 3;
 .timescale -9 -12;
v0x1447198e0_0 .var "a", 0 0;
v0x144719980_0 .var "b", 0 0;
v0x144719a30_0 .net "carry", 0 0, L_0x144719d00;  1 drivers
v0x144719b00_0 .net "sum", 0 0, L_0x144719bb0;  1 drivers
S_0x144704660 .scope module, "uut" "halfadder" 2 8, 3 1 0, S_0x1447044f0;
 .timescale 0 0;
    .port_info 0 /INPUT 1 "a";
    .port_info 1 /INPUT 1 "b";
    .port_info 2 /OUTPUT 1 "sum";
    .port_info 3 /OUTPUT 1 "carry";
L_0x144719bb0 .functor XOR 1, v0x1447198e0_0, v0x144719980_0, C4<0>, C4<0>;
L_0x144719d00 .functor AND 1, v0x1447198e0_0, v0x144719980_0, C4<1>, C4<1>;
v0x144708160_0 .net "a", 0 0, v0x1447198e0_0;  1 drivers
v0x144719690_0 .net "b", 0 0, v0x144719980_0;  1 drivers
v0x144719730_0 .net "carry", 0 0, L_0x144719d00;  alias, 1 drivers
v0x1447197e0_0 .net "sum", 0 0, L_0x144719bb0;  alias, 1 drivers
    .scope S_0x1447044f0;
T_0 ;
    %vpi_call 2 16 "$dumpfile", "halfadder.vcd" {0 0 0};
    %vpi_call 2 17 "$dumpvars", 32'sb00000000000000000000000000000000, S_0x1447044f0 {0 0 0};
    %vpi_call 2 18 "$display", "A B | SUM CARRY" {0 0 0};
    %vpi_call 2 19 "$monitor", "%b %b |  %b    %b", v0x1447198e0_0, v0x144719980_0, v0x144719b00_0, v0x144719a30_0 {0 0 0};
    %pushi/vec4 0, 0, 1;
    %store/vec4 v0x1447198e0_0, 0, 1;
    %pushi/vec4 0, 0, 1;
    %store/vec4 v0x144719980_0, 0, 1;
    %delay 10000, 0;
    %pushi/vec4 0, 0, 1;
    %store/vec4 v0x1447198e0_0, 0, 1;
    %pushi/vec4 1, 0, 1;
    %store/vec4 v0x144719980_0, 0, 1;
    %delay 10000, 0;
    %pushi/vec4 1, 0, 1;
    %store/vec4 v0x1447198e0_0, 0, 1;
    %pushi/vec4 0, 0, 1;
    %store/vec4 v0x144719980_0, 0, 1;
    %delay 10000, 0;
    %pushi/vec4 1, 0, 1;
    %store/vec4 v0x1447198e0_0, 0, 1;
    %pushi/vec4 1, 0, 1;
    %store/vec4 v0x144719980_0, 0, 1;
    %delay 10000, 0;
    %vpi_call 2 26 "$finish" {0 0 0};
    %end;
    .thread T_0;
# The file index is used to find the file name in the following table.
:file_names 4;
    "N/A";
    "<interactive>";
    "tb_halfadder.v";
    "halfadder.v";
