#! /opt/homebrew/Cellar/icarus-verilog/12.0/bin/vvp
:ivl_version "12.0 (stable)";
:ivl_delay_selection "TYPICAL";
:vpi_time_precision - 12;
:vpi_module "/opt/homebrew/Cellar/icarus-verilog/12.0/lib/ivl/system.vpi";
:vpi_module "/opt/homebrew/Cellar/icarus-verilog/12.0/lib/ivl/vhdl_sys.vpi";
:vpi_module "/opt/homebrew/Cellar/icarus-verilog/12.0/lib/ivl/vhdl_textio.vpi";
:vpi_module "/opt/homebrew/Cellar/icarus-verilog/12.0/lib/ivl/v2005_math.vpi";
:vpi_module "/opt/homebrew/Cellar/icarus-verilog/12.0/lib/ivl/va_math.vpi";
S_0x13d7068b0 .scope module, "tb_fulladder" "tb_fulladder" 2 3;
 .timescale -9 -12;
v0x13d71fed0_0 .var "a", 0 0;
v0x13d71ff60_0 .var "b", 0 0;
v0x13d71fff0_0 .var "cin", 0 0;
v0x13d7200c0_0 .net "cout", 0 0, L_0x13d720870;  1 drivers
v0x13d720170_0 .net "sum", 0 0, L_0x13d720370;  1 drivers
S_0x13d706a20 .scope module, "uut" "fulladder" 2 8, 3 1 0, S_0x13d7068b0;
 .timescale 0 0;
    .port_info 0 /INPUT 1 "a";
    .port_info 1 /INPUT 1 "b";
    .port_info 2 /INPUT 1 "cin";
    .port_info 3 /OUTPUT 1 "sum";
    .port_info 4 /OUTPUT 1 "cout";
L_0x13d720240 .functor XOR 1, v0x13d71fed0_0, v0x13d71ff60_0, C4<0>, C4<0>;
L_0x13d720370 .functor XOR 1, L_0x13d720240, v0x13d71fff0_0, C4<0>, C4<0>;
L_0x13d720460 .functor AND 1, v0x13d71fed0_0, v0x13d71ff60_0, C4<1>, C4<1>;
L_0x13d7204d0 .functor AND 1, v0x13d71fed0_0, v0x13d71fff0_0, C4<1>, C4<1>;
L_0x13d7205e0 .functor OR 1, L_0x13d720460, L_0x13d7204d0, C4<0>, C4<0>;
L_0x13d720700 .functor AND 1, v0x13d71ff60_0, v0x13d71fff0_0, C4<1>, C4<1>;
L_0x13d720870 .functor OR 1, L_0x13d7205e0, L_0x13d720700, C4<0>, C4<0>;
v0x13d70d310_0 .net *"_ivl_0", 0 0, L_0x13d720240;  1 drivers
v0x13d71f7e0_0 .net *"_ivl_10", 0 0, L_0x13d720700;  1 drivers
v0x13d71f880_0 .net *"_ivl_4", 0 0, L_0x13d720460;  1 drivers
v0x13d71f930_0 .net *"_ivl_6", 0 0, L_0x13d7204d0;  1 drivers
v0x13d71f9e0_0 .net *"_ivl_8", 0 0, L_0x13d7205e0;  1 drivers
v0x13d71fad0_0 .net "a", 0 0, v0x13d71fed0_0;  1 drivers
v0x13d71fb70_0 .net "b", 0 0, v0x13d71ff60_0;  1 drivers
v0x13d71fc10_0 .net "cin", 0 0, v0x13d71fff0_0;  1 drivers
v0x13d71fcb0_0 .net "cout", 0 0, L_0x13d720870;  alias, 1 drivers
v0x13d71fdc0_0 .net "sum", 0 0, L_0x13d720370;  alias, 1 drivers
    .scope S_0x13d7068b0;
T_0 ;
    %vpi_call 2 17 "$dumpfile", "fulladder.vcd" {0 0 0};
    %vpi_call 2 18 "$dumpvars", 32'sb00000000000000000000000000000000, S_0x13d7068b0 {0 0 0};
    %vpi_call 2 19 "$display", "A B Cin | Sum Cout" {0 0 0};
    %vpi_call 2 20 "$monitor", "%b %b  %b  |  %b    %b", v0x13d71fed0_0, v0x13d71ff60_0, v0x13d71fff0_0, v0x13d720170_0, v0x13d7200c0_0 {0 0 0};
    %pushi/vec4 0, 0, 1;
    %store/vec4 v0x13d71fed0_0, 0, 1;
    %pushi/vec4 0, 0, 1;
    %store/vec4 v0x13d71ff60_0, 0, 1;
    %pushi/vec4 0, 0, 1;
    %store/vec4 v0x13d71fff0_0, 0, 1;
    %delay 10000, 0;
    %pushi/vec4 0, 0, 1;
    %store/vec4 v0x13d71fed0_0, 0, 1;
    %pushi/vec4 0, 0, 1;
    %store/vec4 v0x13d71ff60_0, 0, 1;
    %pushi/vec4 1, 0, 1;
    %store/vec4 v0x13d71fff0_0, 0, 1;
    %delay 10000, 0;
    %pushi/vec4 0, 0, 1;
    %store/vec4 v0x13d71fed0_0, 0, 1;
    %pushi/vec4 1, 0, 1;
    %store/vec4 v0x13d71ff60_0, 0, 1;
    %pushi/vec4 0, 0, 1;
    %store/vec4 v0x13d71fff0_0, 0, 1;
    %delay 10000, 0;
    %pushi/vec4 0, 0, 1;
    %store/vec4 v0x13d71fed0_0, 0, 1;
    %pushi/vec4 1, 0, 1;
    %store/vec4 v0x13d71ff60_0, 0, 1;
    %pushi/vec4 1, 0, 1;
    %store/vec4 v0x13d71fff0_0, 0, 1;
    %delay 10000, 0;
    %pushi/vec4 1, 0, 1;
    %store/vec4 v0x13d71fed0_0, 0, 1;
    %pushi/vec4 0, 0, 1;
    %store/vec4 v0x13d71ff60_0, 0, 1;
    %pushi/vec4 0, 0, 1;
    %store/vec4 v0x13d71fff0_0, 0, 1;
    %delay 10000, 0;
    %pushi/vec4 1, 0, 1;
    %store/vec4 v0x13d71fed0_0, 0, 1;
    %pushi/vec4 0, 0, 1;
    %store/vec4 v0x13d71ff60_0, 0, 1;
    %pushi/vec4 1, 0, 1;
    %store/vec4 v0x13d71fff0_0, 0, 1;
    %delay 10000, 0;
    %pushi/vec4 1, 0, 1;
    %store/vec4 v0x13d71fed0_0, 0, 1;
    %pushi/vec4 1, 0, 1;
    %store/vec4 v0x13d71ff60_0, 0, 1;
    %pushi/vec4 0, 0, 1;
    %store/vec4 v0x13d71fff0_0, 0, 1;
    %delay 10000, 0;
    %pushi/vec4 1, 0, 1;
    %store/vec4 v0x13d71fed0_0, 0, 1;
    %pushi/vec4 1, 0, 1;
    %store/vec4 v0x13d71ff60_0, 0, 1;
    %pushi/vec4 1, 0, 1;
    %store/vec4 v0x13d71fff0_0, 0, 1;
    %delay 10000, 0;
    %vpi_call 2 31 "$finish" {0 0 0};
    %end;
    .thread T_0;
# The file index is used to find the file name in the following table.
:file_names 4;
    "N/A";
    "<interactive>";
    "tb_fulladder.v";
    "fulladder.v";
